<?xml version="1.0" encoding="UTF-8"?>
<!-- Generated by org.testng.reporters.JUnitReportReporter -->
<testsuite hostname="Akshay-HP" failures="0" tests="2" name="testCases.TC_002_LoginValidationTest" time="5.277" errors="0" timestamp="2024-08-05T11:40:48 IST" skipped="0">
  <testcase classname="testCases.TC_002_LoginValidationTest" name="loginValidation" time="3.396"/>
  <system-out/>
  <testcase classname="testCases.TC_002_LoginValidationTest" name="loginValidation" time="1.881"/>
  <system-out/>
</testsuite> <!-- testCases.TC_002_LoginValidationTest -->
