<?xml version="1.0" encoding="UTF-8"?>
<!-- Generated by org.testng.reporters.JUnitReportReporter -->
<testsuite hostname="Akshay-HP" failures="0" tests="1" name="testCases.TC_005_AddToCartPageTest" time="1.084" errors="0" timestamp="2024-03-23T11:27:35 IST" skipped="0">
  <testcase classname="testCases.TC_005_AddToCartPageTest" name="verify_addToCart" time="1.084"/>
  <system-out/>
</testsuite> <!-- testCases.TC_005_AddToCartPageTest -->
