<?xml version="1.0" encoding="UTF-8"?>
<!-- Generated by org.testng.reporters.JUnitReportReporter -->
<testsuite hostname="Akshay-HP" failures="0" tests="2" name="testCases.TC_001_AccountRegistrationTest" time="6.996" errors="0" timestamp="2024-08-05T11:40:48 IST" skipped="0">
  <testcase classname="testCases.TC_001_AccountRegistrationTest" name="verify_account_registration" time="3.098"/>
  <system-out/>
  <testcase classname="testCases.TC_001_AccountRegistrationTest" name="verify_account_registration" time="3.898"/>
  <system-out/>
</testsuite> <!-- testCases.TC_001_AccountRegistrationTest -->
