<?xml version="1.0" encoding="UTF-8"?>
<!-- Generated by org.testng.reporters.JUnitReportReporter -->
<testsuite hostname="Akshay-HP" failures="0" tests="1" name="testCases.TC_001_AccountRegistrationTest" time="3.507" errors="0" timestamp="2024-03-24T14:00:25 IST" skipped="0">
  <testcase classname="testCases.TC_001_AccountRegistrationTest" name="verify_account_registration" time="3.507"/>
  <system-out/>
</testsuite> <!-- testCases.TC_001_AccountRegistrationTest -->
