<?xml version="1.0" encoding="UTF-8"?>
<!-- Generated by org.testng.reporters.JUnitReportReporter -->
<testsuite hostname="Akshay-HP" failures="0" tests="1" name="testCases.TC_004_SearchProductTest" time="0.549" errors="0" timestamp="2024-03-24T14:00:25 IST" skipped="0">
  <testcase classname="testCases.TC_004_SearchProductTest" name="verify_pruductSearch" time="0.549"/>
  <system-out/>
</testsuite> <!-- testCases.TC_004_SearchProductTest -->
